  CubeNode.cpp
C:\Users\Gamer X\Downloads\projects\100595590\Source\CubeNode.cpp(24,39): warning C4267: 'initializing': conversion from 'size_t' to 'int', possible loss of data
C:\Users\Gamer X\Downloads\projects\100595590\Source\CubeNode.cpp(24,24): warning C4267: 'initializing': conversion from 'size_t' to 'const int', possible loss of data
C:\Users\Gamer X\Downloads\projects\100595590\Source\CubeNode.cpp(25,37): warning C4267: 'initializing': conversion from 'size_t' to 'int', possible loss of data
C:\Users\Gamer X\Downloads\projects\100595590\Source\CubeNode.cpp(25,23): warning C4267: 'initializing': conversion from 'size_t' to 'const int', possible loss of data
C:\Users\Gamer X\Downloads\projects\100595590\Source\CubeNode.cpp(58,51): warning C4244: 'argument': conversion from '_Ty' to 'float', possible loss of data
          with
          [
              _Ty=int
          ]
C:\Users\Gamer X\Downloads\projects\100595590\Source\CubeNode.cpp(84,33): warning C4305: '=': truncation from 'double' to 'float'
C:\Users\Gamer X\Downloads\projects\100595590\Source\CubeNode.cpp(115,42): warning C4267: 'argument': conversion from 'size_t' to 'UINT', possible loss of data
C:\Users\Gamer X\Downloads\projects\100595590\Source\CubeNode.cpp(129,64): warning C4267: '=': conversion from 'size_t' to 'UINT', possible loss of data
C:\Users\Gamer X\Downloads\projects\100595590\Source\CubeNode.cpp(147,49): warning C4267: '=': conversion from 'size_t' to 'UINT', possible loss of data
  DirectXApp.cpp
C:\Users\Gamer X\Downloads\projects\100595590\Source\DirectXApp.cpp(33,88): warning C4305: 'argument': truncation from 'double' to 'float'
C:\Users\Gamer X\Downloads\projects\100595590\Source\DirectXApp.cpp(33,73): warning C4305: 'argument': truncation from 'double' to 'float'
C:\Users\Gamer X\Downloads\projects\100595590\Source\DirectXApp.cpp(33,59): warning C4305: 'argument': truncation from 'double' to 'float'
C:\Users\Gamer X\Downloads\projects\100595590\Source\DirectXApp.cpp(38,89): warning C4305: 'argument': truncation from 'double' to 'float'
C:\Users\Gamer X\Downloads\projects\100595590\Source\DirectXApp.cpp(38,74): warning C4305: 'argument': truncation from 'double' to 'float'
C:\Users\Gamer X\Downloads\projects\100595590\Source\DirectXApp.cpp(38,60): warning C4305: 'argument': truncation from 'double' to 'float'
C:\Users\Gamer X\Downloads\projects\100595590\Source\DirectXApp.cpp(52,90): warning C4305: 'argument': truncation from 'double' to 'float'
C:\Users\Gamer X\Downloads\projects\100595590\Source\DirectXApp.cpp(52,75): warning C4305: 'argument': truncation from 'double' to 'float'
C:\Users\Gamer X\Downloads\projects\100595590\Source\DirectXApp.cpp(52,60): warning C4305: 'argument': truncation from 'double' to 'float'
C:\Users\Gamer X\Downloads\projects\100595590\Source\DirectXApp.cpp(57,91): warning C4305: 'argument': truncation from 'double' to 'float'
C:\Users\Gamer X\Downloads\projects\100595590\Source\DirectXApp.cpp(57,76): warning C4305: 'argument': truncation from 'double' to 'float'
C:\Users\Gamer X\Downloads\projects\100595590\Source\DirectXApp.cpp(57,61): warning C4305: 'argument': truncation from 'double' to 'float'
C:\Users\Gamer X\Downloads\projects\100595590\Source\DirectXApp.cpp(78,27): warning C4244: 'initializing': conversion from 'double' to 'float', possible loss of data
C:\Users\Gamer X\Downloads\projects\100595590\Source\DirectXApp.cpp(79,28): warning C4244: 'initializing': conversion from 'double' to 'float', possible loss of data
  DirectXFramework.cpp
  Framework.cpp
  GeometricObject.cpp
  pch.cpp
  SceneGraph.cpp
  SimpleMath.cpp
  TexturedCubeNode.cpp
C:\Users\Gamer X\Downloads\projects\100595590\Source\TexturedCubeNode.cpp(30,39): warning C4267: 'initializing': conversion from 'size_t' to 'int', possible loss of data
C:\Users\Gamer X\Downloads\projects\100595590\Source\TexturedCubeNode.cpp(30,24): warning C4267: 'initializing': conversion from 'size_t' to 'const int', possible loss of data
C:\Users\Gamer X\Downloads\projects\100595590\Source\TexturedCubeNode.cpp(31,37): warning C4267: 'initializing': conversion from 'size_t' to 'int', possible loss of data
C:\Users\Gamer X\Downloads\projects\100595590\Source\TexturedCubeNode.cpp(31,23): warning C4267: 'initializing': conversion from 'size_t' to 'const int', possible loss of data
C:\Users\Gamer X\Downloads\projects\100595590\Source\TexturedCubeNode.cpp(64,51): warning C4244: 'argument': conversion from '_Ty' to 'float', possible loss of data
          with
          [
              _Ty=int
          ]
C:\Users\Gamer X\Downloads\projects\100595590\Source\TexturedCubeNode.cpp(123,42): warning C4267: 'argument': conversion from 'size_t' to 'UINT', possible loss of data
C:\Users\Gamer X\Downloads\projects\100595590\Source\TexturedCubeNode.cpp(137,64): warning C4267: '=': conversion from 'size_t' to 'UINT', possible loss of data
C:\Users\Gamer X\Downloads\projects\100595590\Source\TexturedCubeNode.cpp(155,49): warning C4267: '=': conversion from 'size_t' to 'UINT', possible loss of data
  TeapotNode.cpp
C:\Users\Gamer X\Downloads\projects\100595590\Source\TeapotNode.cpp(29,39): warning C4267: 'initializing': conversion from 'size_t' to 'int', possible loss of data
C:\Users\Gamer X\Downloads\projects\100595590\Source\TeapotNode.cpp(29,24): warning C4267: 'initializing': conversion from 'size_t' to 'const int', possible loss of data
C:\Users\Gamer X\Downloads\projects\100595590\Source\TeapotNode.cpp(30,37): warning C4267: 'initializing': conversion from 'size_t' to 'int', possible loss of data
C:\Users\Gamer X\Downloads\projects\100595590\Source\TeapotNode.cpp(30,23): warning C4267: 'initializing': conversion from 'size_t' to 'const int', possible loss of data
C:\Users\Gamer X\Downloads\projects\100595590\Source\TeapotNode.cpp(63,51): warning C4244: 'argument': conversion from '_Ty' to 'float', possible loss of data
          with
          [
              _Ty=int
          ]
C:\Users\Gamer X\Downloads\projects\100595590\Source\TeapotNode.cpp(117,42): warning C4267: 'argument': conversion from 'size_t' to 'UINT', possible loss of data
C:\Users\Gamer X\Downloads\projects\100595590\Source\TeapotNode.cpp(131,64): warning C4267: '=': conversion from 'size_t' to 'UINT', possible loss of data
C:\Users\Gamer X\Downloads\projects\100595590\Source\TeapotNode.cpp(149,49): warning C4267: '=': conversion from 'size_t' to 'UINT', possible loss of data
  WICTextureLoader.cpp
  Generating Code...
  DirectX_Base.vcxproj -> C:\Users\Gamer X\Downloads\projects\100595590\Source\x64\Debug\DirectX_Base.exe
